#
# There is insufficient memory for the Java Runtime Environment to continue.
# Native memory allocation (malloc) failed to allocate 303376 bytes for Chunk::new
# Possible reasons:
#   The system is out of physical RAM or swap space
#   The process is running with CompressedOops enabled, and the Java Heap may be blocking the growth of the native heap
# Possible solutions:
#   Reduce memory load on the system
#   Increase physical memory or swap space
#   Check if swap backing store is full
#   Decrease Java heap size (-Xmx/-Xms)
#   Decrease number of Java threads
#   Decrease Java thread stack sizes (-Xss)
#   Set larger code cache with -XX:ReservedCodeCacheSize=
#   JVM is running with Unscaled Compressed Oops mode in which the Java heap is
#     placed in the first 4GB address space. The Java Heap base address is the
#     maximum limit for the native heap growth. Please use -XX:HeapBaseMinAddress
#     to set the Java Heap base and to place the Java Heap above 4GB virtual address.
# This output file may be truncated or incomplete.
#
#  Out of Memory Error (arena.cpp:189), pid=26920, tid=10428
#
# JRE version: Java(TM) SE Runtime Environment (17.0.12+8) (build 17.0.12+8-LTS-286)
# Java VM: Java HotSpot(TM) 64-Bit Server VM (17.0.12+8-LTS-286, mixed mode, sharing, tiered, compressed oops, compressed class ptrs, g1 gc, windows-amd64)
# No core dump will be written. Minidumps are not enabled by default on client versions of Windows
#

---------------  S U M M A R Y ------------

Command Line: -Xmx64m -Xms64m -Dorg.gradle.appname=gradlew org.gradle.wrapper.GradleWrapperMain :composeApp:run

Host: 12th Gen Intel(R) Core(TM) i5-1235U, 12 cores, 15G,  Windows 11 , 64 bit Build 26100 (10.0.26100.7309)
Time: Fri Dec 26 13:52:25 2025 India Standard Time elapsed time: 1513.038566 seconds (0d 0h 25m 13s)

---------------  T H R E A D  ---------------

Current thread (0x00000277ee6edbd0):  JavaThread "C2 CompilerThread0" daemon [_thread_in_native, id=10428, stack(0x000000eb0f900000,0x000000eb0fa00000)]


Current CompileTask:
C2:1513039 2271       4       java.util.concurrent.ScheduledThreadPoolExecutor$ScheduledFutureTask::run (57 bytes)

Stack: [0x000000eb0f900000,0x000000eb0fa00000]
Native frames: (J=compiled Java code, j=interpreted, Vv=VM code, C=native code)
V  [jvm.dll+0x67a04a]
V  [jvm.dll+0x7da4ed]
V  [jvm.dll+0x7dbe33]
V  [jvm.dll+0x7dc4a3]
V  [jvm.dll+0x24508f]
V  [jvm.dll+0xab773]
V  [jvm.dll+0xabd3c]
V  [jvm.dll+0x361b9f]
V  [jvm.dll+0x32c431]
V  [jvm.dll+0x32b8ca]
V  [jvm.dll+0x21683f]
V  [jvm.dll+0x215c6f]
V  [jvm.dll+0x1a2960]
V  [jvm.dll+0x22610b]
V  [jvm.dll+0x2242ab]
V  [jvm.dll+0x79075c]
V  [jvm.dll+0x78abea]
V  [jvm.dll+0x678f35]
C  [ucrtbase.dll+0x37b0]
C  [KERNEL32.DLL+0x2e8d7]
C  [ntdll.dll+0x8c53c]


---------------  P R O C E S S  ---------------

Threads class SMR info:
_java_thread_list=0x00000277f45f9eb0, length=13, elements={
0x00000277d2afe6b0, 0x00000277ee6c6570, 0x00000277ee6c8140, 0x00000277ee6e07c0,
0x00000277ee6e3290, 0x00000277ee6e3c50, 0x00000277ee6ec620, 0x00000277ee6edbd0,
0x00000277ee6ee590, 0x00000277ee713570, 0x00000277ee951840, 0x00000277ee9587e0,
0x00000277f36df130
}

Java Threads: ( => current thread )
  0x00000277d2afe6b0 JavaThread "main" [_thread_in_native, id=6472, stack(0x000000eb0ec00000,0x000000eb0ed00000)]
  0x00000277ee6c6570 JavaThread "Reference Handler" daemon [_thread_blocked, id=27624, stack(0x000000eb0f300000,0x000000eb0f400000)]
  0x00000277ee6c8140 JavaThread "Finalizer" daemon [_thread_blocked, id=10044, stack(0x000000eb0f400000,0x000000eb0f500000)]
  0x00000277ee6e07c0 JavaThread "Signal Dispatcher" daemon [_thread_blocked, id=28608, stack(0x000000eb0f500000,0x000000eb0f600000)]
  0x00000277ee6e3290 JavaThread "Attach Listener" daemon [_thread_blocked, id=11908, stack(0x000000eb0f600000,0x000000eb0f700000)]
  0x00000277ee6e3c50 JavaThread "Service Thread" daemon [_thread_blocked, id=27304, stack(0x000000eb0f700000,0x000000eb0f800000)]
  0x00000277ee6ec620 JavaThread "Monitor Deflation Thread" daemon [_thread_blocked, id=15944, stack(0x000000eb0f800000,0x000000eb0f900000)]
=>0x00000277ee6edbd0 JavaThread "C2 CompilerThread0" daemon [_thread_in_native, id=10428, stack(0x000000eb0f900000,0x000000eb0fa00000)]
  0x00000277ee6ee590 JavaThread "C1 CompilerThread0" daemon [_thread_blocked, id=19820, stack(0x000000eb0fa00000,0x000000eb0fb00000)]
  0x00000277ee713570 JavaThread "Sweeper thread" daemon [_thread_blocked, id=25984, stack(0x000000eb0fb00000,0x000000eb0fc00000)]
  0x00000277ee951840 JavaThread "Notification Thread" daemon [_thread_blocked, id=17008, stack(0x000000eb0fc00000,0x000000eb0fd00000)]
  0x00000277ee9587e0 JavaThread "Common-Cleaner" daemon [_thread_blocked, id=27040, stack(0x000000eb0fe00000,0x000000eb0ff00000)]
  0x00000277f36df130 JavaThread "pool-1-thread-1" [_thread_blocked, id=25408, stack(0x000000eb10400000,0x000000eb10500000)]

Other Threads:
  0x00000277ee6c2ad0 VMThread "VM Thread" [stack: 0x000000eb0f200000,0x000000eb0f300000] [id=27360]
  0x00000277ee956130 WatcherThread [stack: 0x000000eb0fd00000,0x000000eb0fe00000] [id=27816]
  0x00000277d2b20300 GCTaskThread "GC Thread#0" [stack: 0x000000eb0ed00000,0x000000eb0ee00000] [id=26948]
  0x00000277f30d5690 GCTaskThread "GC Thread#1" [stack: 0x000000eb10100000,0x000000eb10200000] [id=25104]
  0x00000277eec01400 GCTaskThread "GC Thread#2" [stack: 0x000000eb10200000,0x000000eb10300000] [id=10528]
  0x00000277f3338e30 GCTaskThread "GC Thread#3" [stack: 0x000000eb10300000,0x000000eb10400000] [id=26888]
  0x00000277f37016a0 GCTaskThread "GC Thread#4" [stack: 0x000000eb0ff00000,0x000000eb10000000] [id=22704]
  0x00000277f3934ef0 GCTaskThread "GC Thread#5" [stack: 0x000000eb10000000,0x000000eb10100000] [id=28660]
  0x00000277eeafdf40 GCTaskThread "GC Thread#6" [stack: 0x000000eb10500000,0x000000eb10600000] [id=12724]
  0x00000277f41900c0 GCTaskThread "GC Thread#7" [stack: 0x000000eb0ea00000,0x000000eb0eb00000] [id=9700]
  0x00000277f4190380 GCTaskThread "GC Thread#8" [stack: 0x000000eb0eb00000,0x000000eb0ec00000] [id=10620]
  0x00000277f4190640 GCTaskThread "GC Thread#9" [stack: 0x000000eb10600000,0x000000eb10700000] [id=22628]
  0x00000277d2b21a50 ConcurrentGCThread "G1 Main Marker" [stack: 0x000000eb0ee00000,0x000000eb0ef00000] [id=16264]
  0x00000277d2b23470 ConcurrentGCThread "G1 Conc#0" [stack: 0x000000eb0ef00000,0x000000eb0f000000] [id=2108]
  0x00000277d2bbc0f0 ConcurrentGCThread "G1 Refine#0" [stack: 0x000000eb0f000000,0x000000eb0f100000] [id=24852]
  0x00000277d2bbc9c0 ConcurrentGCThread "G1 Service" [stack: 0x000000eb0f100000,0x000000eb0f200000] [id=11040]

Threads with active compile tasks:
C2 CompilerThread0  1513098 2271       4       java.util.concurrent.ScheduledThreadPoolExecutor$ScheduledFutureTask::run (57 bytes)

VM state: not at safepoint (normal execution)

VM Mutex/Monitor currently owned by a thread: None

Heap address: 0x00000000fc000000, size: 64 MB, Compressed Oops mode: 32-bit

CDS archive(s) mapped at: [0x0000027780000000-0x0000027780bd0000-0x0000027780bd0000), size 12386304, SharedBaseAddress: 0x0000027780000000, ArchiveRelocationMode: 1.
Compressed class space mapped at: 0x0000027781000000-0x00000277c1000000, reserved size: 1073741824
Narrow klass base: 0x0000027780000000, Narrow klass shift: 0, Narrow klass range: 0x100000000

GC Precious Log:
 CPUs: 12 total, 12 available
 Memory: 16059M
 Large Page Support: Disabled
 NUMA Support: Disabled
 Compressed Oops: Enabled (32-bit)
 Heap Region Size: 1M
 Heap Min Capacity: 64M
 Heap Initial Capacity: 64M
 Heap Max Capacity: 64M
 Pre-touch: Disabled
 Parallel Workers: 10
 Concurrent Workers: 3
 Concurrent Refinement Workers: 10
 Periodic GC: Disabled

Heap:
 garbage-first heap   total 65536K, used 22023K [0x00000000fc000000, 0x0000000100000000)
  region size 1024K, 12 young (12288K), 3 survivors (3072K)
 Metaspace       used 11063K, committed 11264K, reserved 1114112K
  class space    used 1415K, committed 1536K, reserved 1048576K

Heap Regions: E=young(eden), S=young(survivor), O=old, HS=humongous(starts), HC=humongous(continues), CS=collection set, F=free, OA=open archive, CA=closed archive, TAMS=top-at-mark-start (previous, next)
|   0|0x00000000fc000000, 0x00000000fc100000, 0x00000000fc100000|100%| O|  |TAMS 0x00000000fc000000, 0x00000000fc000000| Untracked 
|   1|0x00000000fc100000, 0x00000000fc200000, 0x00000000fc200000|100%|HS|  |TAMS 0x00000000fc100000, 0x00000000fc100000| Complete 
|   2|0x00000000fc200000, 0x00000000fc300000, 0x00000000fc300000|100%|HC|  |TAMS 0x00000000fc200000, 0x00000000fc200000| Complete 
|   3|0x00000000fc300000, 0x00000000fc400000, 0x00000000fc400000|100%|HC|  |TAMS 0x00000000fc300000, 0x00000000fc300000| Complete 
|   4|0x00000000fc400000, 0x00000000fc500000, 0x00000000fc500000|100%| O|  |TAMS 0x00000000fc400000, 0x00000000fc400000| Untracked 
|   5|0x00000000fc500000, 0x00000000fc600000, 0x00000000fc600000|100%| O|  |TAMS 0x00000000fc500000, 0x00000000fc500000| Untracked 
|   6|0x00000000fc600000, 0x00000000fc700000, 0x00000000fc700000|100%| O|  |TAMS 0x00000000fc600000, 0x00000000fc600000| Untracked 
|   7|0x00000000fc700000, 0x00000000fc800000, 0x00000000fc800000|100%| O|  |TAMS 0x00000000fc700000, 0x00000000fc700000| Untracked 
|   8|0x00000000fc800000, 0x00000000fc900000, 0x00000000fc900000|100%| O|  |TAMS 0x00000000fc800000, 0x00000000fc800000| Untracked 
|   9|0x00000000fc900000, 0x00000000fca00000, 0x00000000fca00000|100%| O|  |TAMS 0x00000000fc900000, 0x00000000fc900000| Untracked 
|  10|0x00000000fca00000, 0x00000000fcb00000, 0x00000000fcb00000|100%| O|  |TAMS 0x00000000fca00000, 0x00000000fca00000| Untracked 
|  11|0x00000000fcb00000, 0x00000000fcb11c00, 0x00000000fcc00000|  6%| O|  |TAMS 0x00000000fcb00000, 0x00000000fcb00000| Untracked 
|  12|0x00000000fcc00000, 0x00000000fcc00000, 0x00000000fcd00000|  0%| F|  |TAMS 0x00000000fcc00000, 0x00000000fcc00000| Untracked 
|  13|0x00000000fcd00000, 0x00000000fcd00000, 0x00000000fce00000|  0%| F|  |TAMS 0x00000000fcd00000, 0x00000000fcd00000| Untracked 
|  14|0x00000000fce00000, 0x00000000fce00000, 0x00000000fcf00000|  0%| F|  |TAMS 0x00000000fce00000, 0x00000000fce00000| Untracked 
|  15|0x00000000fcf00000, 0x00000000fcf00000, 0x00000000fd000000|  0%| F|  |TAMS 0x00000000fcf00000, 0x00000000fcf00000| Untracked 
|  16|0x00000000fd000000, 0x00000000fd000000, 0x00000000fd100000|  0%| F|  |TAMS 0x00000000fd000000, 0x00000000fd000000| Untracked 
|  17|0x00000000fd100000, 0x00000000fd100000, 0x00000000fd200000|  0%| F|  |TAMS 0x00000000fd100000, 0x00000000fd100000| Untracked 
|  18|0x00000000fd200000, 0x00000000fd200000, 0x00000000fd300000|  0%| F|  |TAMS 0x00000000fd200000, 0x00000000fd200000| Untracked 
|  19|0x00000000fd300000, 0x00000000fd300000, 0x00000000fd400000|  0%| F|  |TAMS 0x00000000fd300000, 0x00000000fd300000| Untracked 
|  20|0x00000000fd400000, 0x00000000fd400000, 0x00000000fd500000|  0%| F|  |TAMS 0x00000000fd400000, 0x00000000fd400000| Untracked 
|  21|0x00000000fd500000, 0x00000000fd500000, 0x00000000fd600000|  0%| F|  |TAMS 0x00000000fd500000, 0x00000000fd500000| Untracked 
|  22|0x00000000fd600000, 0x00000000fd600000, 0x00000000fd700000|  0%| F|  |TAMS 0x00000000fd600000, 0x00000000fd600000| Untracked 
|  23|0x00000000fd700000, 0x00000000fd700000, 0x00000000fd800000|  0%| F|  |TAMS 0x00000000fd700000, 0x00000000fd700000| Untracked 
|  24|0x00000000fd800000, 0x00000000fd800000, 0x00000000fd900000|  0%| F|  |TAMS 0x00000000fd800000, 0x00000000fd800000| Untracked 
|  25|0x00000000fd900000, 0x00000000fd900000, 0x00000000fda00000|  0%| F|  |TAMS 0x00000000fd900000, 0x00000000fd900000| Untracked 
|  26|0x00000000fda00000, 0x00000000fda00000, 0x00000000fdb00000|  0%| F|  |TAMS 0x00000000fda00000, 0x00000000fda00000| Untracked 
|  27|0x00000000fdb00000, 0x00000000fdb00000, 0x00000000fdc00000|  0%| F|  |TAMS 0x00000000fdb00000, 0x00000000fdb00000| Untracked 
|  28|0x00000000fdc00000, 0x00000000fdc00000, 0x00000000fdd00000|  0%| F|  |TAMS 0x00000000fdc00000, 0x00000000fdc00000| Untracked 
|  29|0x00000000fdd00000, 0x00000000fdd00000, 0x00000000fde00000|  0%| F|  |TAMS 0x00000000fdd00000, 0x00000000fdd00000| Untracked 
|  30|0x00000000fde00000, 0x00000000fde00000, 0x00000000fdf00000|  0%| F|  |TAMS 0x00000000fde00000, 0x00000000fde00000| Untracked 
|  31|0x00000000fdf00000, 0x00000000fdf00000, 0x00000000fe000000|  0%| F|  |TAMS 0x00000000fdf00000, 0x00000000fdf00000| Untracked 
|  32|0x00000000fe000000, 0x00000000fe000000, 0x00000000fe100000|  0%| F|  |TAMS 0x00000000fe000000, 0x00000000fe000000| Untracked 
|  33|0x00000000fe100000, 0x00000000fe100000, 0x00000000fe200000|  0%| F|  |TAMS 0x00000000fe100000, 0x00000000fe100000| Untracked 
|  34|0x00000000fe200000, 0x00000000fe200000, 0x00000000fe300000|  0%| F|  |TAMS 0x00000000fe200000, 0x00000000fe200000| Untracked 
|  35|0x00000000fe300000, 0x00000000fe370080, 0x00000000fe400000| 43%| S|CS|TAMS 0x00000000fe300000, 0x00000000fe300000| Complete 
|  36|0x00000000fe400000, 0x00000000fe500000, 0x00000000fe500000|100%| S|CS|TAMS 0x00000000fe400000, 0x00000000fe400000| Complete 
|  37|0x00000000fe500000, 0x00000000fe600000, 0x00000000fe600000|100%| S|CS|TAMS 0x00000000fe500000, 0x00000000fe500000| Complete 
|  38|0x00000000fe600000, 0x00000000fe600000, 0x00000000fe700000|  0%| F|  |TAMS 0x00000000fe600000, 0x00000000fe600000| Untracked 
|  39|0x00000000fe700000, 0x00000000fe700000, 0x00000000fe800000|  0%| F|  |TAMS 0x00000000fe700000, 0x00000000fe700000| Untracked 
|  40|0x00000000fe800000, 0x00000000fe800000, 0x00000000fe900000|  0%| F|  |TAMS 0x00000000fe800000, 0x00000000fe800000| Untracked 
|  41|0x00000000fe900000, 0x00000000fe900000, 0x00000000fea00000|  0%| F|  |TAMS 0x00000000fe900000, 0x00000000fe900000| Untracked 
|  42|0x00000000fea00000, 0x00000000fea00000, 0x00000000feb00000|  0%| F|  |TAMS 0x00000000fea00000, 0x00000000fea00000| Untracked 
|  43|0x00000000feb00000, 0x00000000feb00000, 0x00000000fec00000|  0%| F|  |TAMS 0x00000000feb00000, 0x00000000feb00000| Untracked 
|  44|0x00000000fec00000, 0x00000000fec00000, 0x00000000fed00000|  0%| F|  |TAMS 0x00000000fec00000, 0x00000000fec00000| Untracked 
|  45|0x00000000fed00000, 0x00000000fed00000, 0x00000000fee00000|  0%| F|  |TAMS 0x00000000fed00000, 0x00000000fed00000| Untracked 
|  46|0x00000000fee00000, 0x00000000fee00000, 0x00000000fef00000|  0%| F|  |TAMS 0x00000000fee00000, 0x00000000fee00000| Untracked 
|  47|0x00000000fef00000, 0x00000000fef00000, 0x00000000ff000000|  0%| F|  |TAMS 0x00000000fef00000, 0x00000000fef00000| Untracked 
|  48|0x00000000ff000000, 0x00000000ff000000, 0x00000000ff100000|  0%| F|  |TAMS 0x00000000ff000000, 0x00000000ff000000| Untracked 
|  49|0x00000000ff100000, 0x00000000ff100000, 0x00000000ff200000|  0%| F|  |TAMS 0x00000000ff100000, 0x00000000ff100000| Untracked 
|  50|0x00000000ff200000, 0x00000000ff200000, 0x00000000ff300000|  0%| F|  |TAMS 0x00000000ff200000, 0x00000000ff200000| Untracked 
|  51|0x00000000ff300000, 0x00000000ff300000, 0x00000000ff400000|  0%| F|  |TAMS 0x00000000ff300000, 0x00000000ff300000| Untracked 
|  52|0x00000000ff400000, 0x00000000ff400000, 0x00000000ff500000|  0%| F|  |TAMS 0x00000000ff400000, 0x00000000ff400000| Untracked 
|  53|0x00000000ff500000, 0x00000000ff500000, 0x00000000ff600000|  0%| F|  |TAMS 0x00000000ff500000, 0x00000000ff500000| Untracked 
|  54|0x00000000ff600000, 0x00000000ff600000, 0x00000000ff700000|  0%| F|  |TAMS 0x00000000ff600000, 0x00000000ff600000| Untracked 
|  55|0x00000000ff700000, 0x00000000ff7b64c8, 0x00000000ff800000| 71%| E|  |TAMS 0x00000000ff700000, 0x00000000ff700000| Complete 
|  56|0x00000000ff800000, 0x00000000ff900000, 0x00000000ff900000|100%| E|CS|TAMS 0x00000000ff800000, 0x00000000ff800000| Complete 
|  57|0x00000000ff900000, 0x00000000ffa00000, 0x00000000ffa00000|100%| E|CS|TAMS 0x00000000ff900000, 0x00000000ff900000| Complete 
|  58|0x00000000ffa00000, 0x00000000ffb00000, 0x00000000ffb00000|100%| E|CS|TAMS 0x00000000ffa00000, 0x00000000ffa00000| Complete 
|  59|0x00000000ffb00000, 0x00000000ffc00000, 0x00000000ffc00000|100%| E|CS|TAMS 0x00000000ffb00000, 0x00000000ffb00000| Complete 
|  60|0x00000000ffc00000, 0x00000000ffd00000, 0x00000000ffd00000|100%| E|CS|TAMS 0x00000000ffc00000, 0x00000000ffc00000| Complete 
|  61|0x00000000ffd00000, 0x00000000ffe00000, 0x00000000ffe00000|100%| E|CS|TAMS 0x00000000ffd00000, 0x00000000ffd00000| Complete 
|  62|0x00000000ffe00000, 0x00000000fff00000, 0x00000000fff00000|100%| E|CS|TAMS 0x00000000ffe00000, 0x00000000ffe00000| Complete 
|  63|0x00000000fff00000, 0x0000000100000000, 0x0000000100000000|100%| E|CS|TAMS 0x00000000fff00000, 0x00000000fff00000| Complete 

Card table byte_map: [0x00000277eb870000,0x00000277eb890000] _byte_map_base: 0x00000277eb090000

Marking Bits (Prev, Next): (CMBitMap*) 0x00000277d2b20920, (CMBitMap*) 0x00000277d2b20960
 Prev Bits: [0x00000277eb8b0000, 0x00000277eb9b0000)
 Next Bits: [0x00000277eb9b0000, 0x00000277ebab0000)

Polling page: 0x00000277d2de0000

Metaspace:

Usage:
  Non-class:      9.42 MB used.
      Class:      1.38 MB used.
       Both:     10.80 MB used.

Virtual space:
  Non-class space:       64.00 MB reserved,       9.50 MB ( 15%) committed,  1 nodes.
      Class space:        1.00 GB reserved,       1.50 MB ( <1%) committed,  1 nodes.
             Both:        1.06 GB reserved,      11.00 MB (  1%) committed. 

Chunk freelists:
   Non-Class:  5.94 MB
       Class:  14.51 MB
        Both:  20.45 MB

MaxMetaspaceSize: unlimited
CompressedClassSpaceSize: 1.00 GB
Initial GC threshold: 21.00 MB
Current GC threshold: 21.00 MB
CDS: on
MetaspaceReclaimPolicy: balanced
 - commit_granule_bytes: 65536.
 - commit_granule_words: 8192.
 - virtual_space_node_default_size: 8388608.
 - enlarge_chunks_in_place: 1.
 - new_chunks_are_fully_committed: 0.
 - uncommit_free_chunks: 1.
 - use_allocation_guard: 0.
 - handle_deallocations: 1.


Internal statistics:

num_allocs_failed_limit: 0.
num_arena_births: 88.
num_arena_deaths: 0.
num_vsnodes_births: 2.
num_vsnodes_deaths: 0.
num_space_committed: 176.
num_space_uncommitted: 0.
num_chunks_returned_to_freelist: 0.
num_chunks_taken_from_freelist: 388.
num_chunk_merges: 0.
num_chunk_splits: 254.
num_chunks_enlarged: 208.
num_inconsistent_stats: 0.

CodeHeap 'non-profiled nmethods': size=120000Kb used=1203Kb max_used=1203Kb free=118796Kb
 bounds [0x00000277e37a0000, 0x00000277e3a10000, 0x00000277eacd0000]
CodeHeap 'profiled nmethods': size=120000Kb used=4215Kb max_used=4215Kb free=115784Kb
 bounds [0x00000277dbcd0000, 0x00000277dc0f0000, 0x00000277e3200000]
CodeHeap 'non-nmethods': size=5760Kb used=1188Kb max_used=1229Kb free=4571Kb
 bounds [0x00000277e3200000, 0x00000277e3470000, 0x00000277e37a0000]
 total_blobs=2762 nmethods=2270 adapters=405
 compilation: enabled
              stopped_count=0, restarted_count=0
 full_count=0

Compilation events (20 events):
Event: 919.661 Thread 0x00000277ee6edbd0 nmethod 2261 0x00000277e38c9710 code [0x00000277e38c98a0, 0x00000277e38c9bb8]
Event: 948.342 Thread 0x00000277ee6edbd0 2262       4       java.nio.CharBuffer::<init> (24 bytes)
Event: 948.350 Thread 0x00000277ee6edbd0 nmethod 2262 0x00000277e38c9e90 code [0x00000277e38ca020, 0x00000277e38ca3d8]
Event: 948.350 Thread 0x00000277ee6edbd0 2263       4       java.nio.HeapCharBuffer::<init> (23 bytes)
Event: 948.358 Thread 0x00000277ee6edbd0 nmethod 2263 0x00000277e38ca690 code [0x00000277e38ca820, 0x00000277e38cabb8]
Event: 966.845 Thread 0x00000277ee6edbd0 2264       4       org.gradle.internal.logging.console.MultiLineBuildProgressArea::newLineAdjustment (50 bytes)
Event: 966.861 Thread 0x00000277ee6edbd0 nmethod 2264 0x00000277e38cae90 code [0x00000277e38cb040, 0x00000277e38cb398]
Event: 1509.026 Thread 0x00000277ee6ee590 2265       3       java.util.concurrent.ScheduledThreadPoolExecutor$ScheduledFutureTask::run (57 bytes)
Event: 1509.027 Thread 0x00000277ee6ee590 nmethod 2265 0x00000277dc0eab90 code [0x00000277dc0eada0, 0x00000277dc0eb1f8]
Event: 1509.027 Thread 0x00000277ee6ee590 2266   !   3       java.util.concurrent.FutureTask::runAndReset (125 bytes)
Event: 1509.037 Thread 0x00000277ee6ee590 nmethod 2266 0x00000277dc0eb390 code [0x00000277dc0eb6c0, 0x00000277dc0ecdf8]
Event: 1509.037 Thread 0x00000277ee6ee590 2267       3       org.gradle.internal.time.MonotonicClock::getCurrentTime (70 bytes)
Event: 1509.041 Thread 0x00000277ee6ee590 nmethod 2267 0x00000277dc0ed510 code [0x00000277dc0ed700, 0x00000277dc0edab8]
Event: 1509.338 Thread 0x00000277ee6edbd0 2268       4       java.util.concurrent.ScheduledThreadPoolExecutor$ScheduledFutureTask::setNextRunTime (38 bytes)
Event: 1509.339 Thread 0x00000277ee6edbd0 nmethod 2268 0x00000277e38cb690 code [0x00000277e38cb800, 0x00000277e38cb8b8]
Event: 1509.339 Thread 0x00000277ee6edbd0 2269       4       java.util.concurrent.ScheduledThreadPoolExecutor::reExecutePeriodic (49 bytes)
Event: 1509.354 Thread 0x00000277ee6edbd0 nmethod 2269 0x00000277e38cb990 code [0x00000277e38cbb60, 0x00000277e38cc418]
Event: 1509.478 Thread 0x00000277ee6edbd0 2270       4       org.gradle.internal.time.MonotonicClock::syncIsDue (28 bytes)
Event: 1509.480 Thread 0x00000277ee6edbd0 nmethod 2270 0x00000277e38ccb10 code [0x00000277e38ccc80, 0x00000277e38ccd58]
Event: 1510.982 Thread 0x00000277ee6edbd0 2271       4       java.util.concurrent.ScheduledThreadPoolExecutor$ScheduledFutureTask::run (57 bytes)

GC Heap History (6 events):
Event: 0.524 GC heap before
{Heap before GC invocations=0 (full 0):
 garbage-first heap   total 65536K, used 22528K [0x00000000fc000000, 0x0000000100000000)
  region size 1024K, 23 young (23552K), 0 survivors (0K)
 Metaspace       used 1807K, committed 1920K, reserved 1114112K
  class space    used 159K, committed 192K, reserved 1048576K
}
Event: 0.530 GC heap after
{Heap after GC invocations=1 (full 0):
 garbage-first heap   total 65536K, used 3312K [0x00000000fc000000, 0x0000000100000000)
  region size 1024K, 3 young (3072K), 3 survivors (3072K)
 Metaspace       used 1807K, committed 1920K, reserved 1114112K
  class space    used 159K, committed 192K, reserved 1048576K
}
Event: 1.790 GC heap before
{Heap before GC invocations=1 (full 0):
 garbage-first heap   total 65536K, used 35056K [0x00000000fc000000, 0x0000000100000000)
  region size 1024K, 31 young (31744K), 3 survivors (3072K)
 Metaspace       used 8090K, committed 8320K, reserved 1114112K
  class space    used 1102K, committed 1216K, reserved 1048576K
}
Event: 1.797 GC heap after
{Heap after GC invocations=2 (full 0):
 garbage-first heap   total 65536K, used 11485K [0x00000000fc000000, 0x0000000100000000)
  region size 1024K, 4 young (4096K), 4 survivors (4096K)
 Metaspace       used 8090K, committed 8320K, reserved 1114112K
  class space    used 1102K, committed 1216K, reserved 1048576K
}
Event: 770.741 GC heap before
{Heap before GC invocations=2 (full 0):
 garbage-first heap   total 65536K, used 38109K [0x00000000fc000000, 0x0000000100000000)
  region size 1024K, 30 young (30720K), 4 survivors (4096K)
 Metaspace       used 11057K, committed 11264K, reserved 1114112K
  class space    used 1415K, committed 1536K, reserved 1048576K
}
Event: 770.775 GC heap after
{Heap after GC invocations=3 (full 0):
 garbage-first heap   total 65536K, used 13831K [0x00000000fc000000, 0x0000000100000000)
  region size 1024K, 3 young (3072K), 3 survivors (3072K)
 Metaspace       used 11057K, committed 11264K, reserved 1114112K
  class space    used 1415K, committed 1536K, reserved 1048576K
}

Deoptimization events (20 events):
Event: 347.714 Thread 0x00000277f36df130 DEOPT PACKING pc=0x00000277e3890664 sp=0x000000eb104fe360
Event: 347.714 Thread 0x00000277f36df130 DEOPT UNPACKING pc=0x00000277e32523a3 sp=0x000000eb104fe2e0 mode 2
Event: 365.650 Thread 0x00000277f36df130 DEOPT PACKING pc=0x00000277dc0d0b03 sp=0x000000eb104fe890
Event: 365.650 Thread 0x00000277f36df130 DEOPT UNPACKING pc=0x00000277e3252b43 sp=0x000000eb104fdd00 mode 0
Event: 388.643 Thread 0x00000277f36df130 DEOPT PACKING pc=0x00000277dc0d0b03 sp=0x000000eb104fe890
Event: 388.644 Thread 0x00000277f36df130 DEOPT UNPACKING pc=0x00000277e3252b43 sp=0x000000eb104fdd00 mode 0
Event: 413.647 Thread 0x00000277f36df130 DEOPT PACKING pc=0x00000277dc0d0b03 sp=0x000000eb104fe890
Event: 413.647 Thread 0x00000277f36df130 DEOPT UNPACKING pc=0x00000277e3252b43 sp=0x000000eb104fdd00 mode 0
Event: 1509.004 Thread 0x00000277f36df130 Uncommon trap: trap_request=0xffffff45 fr.pc=0x00000277e38af000 relative=0x0000000000000d80
Event: 1509.004 Thread 0x00000277f36df130 Uncommon trap: reason=unstable_if action=reinterpret pc=0x00000277e38af000 method=org.gradle.internal.time.MonotonicClock.advance(J)J @ 11 c2
Event: 1509.005 Thread 0x00000277f36df130 DEOPT PACKING pc=0x00000277e38af000 sp=0x000000eb104ff3f0
Event: 1509.005 Thread 0x00000277f36df130 DEOPT UNPACKING pc=0x00000277e32523a3 sp=0x000000eb104ff158 mode 2
Event: 1509.006 Thread 0x00000277f36df130 Uncommon trap: trap_request=0xffffff45 fr.pc=0x00000277e38b0a34 relative=0x0000000000000514
Event: 1509.006 Thread 0x00000277f36df130 Uncommon trap: reason=unstable_if action=reinterpret pc=0x00000277e38b0a34 method=org.gradle.internal.time.MonotonicClock.advance(J)J @ 11 c2
Event: 1509.006 Thread 0x00000277f36df130 DEOPT PACKING pc=0x00000277e38b0a34 sp=0x000000eb104ff3a0
Event: 1509.006 Thread 0x00000277f36df130 DEOPT UNPACKING pc=0x00000277e32523a3 sp=0x000000eb104ff158 mode 2
Event: 1509.008 Thread 0x00000277f36df130 Uncommon trap: trap_request=0xffffff45 fr.pc=0x00000277e38a8aa4 relative=0x00000000000001e4
Event: 1509.008 Thread 0x00000277f36df130 Uncommon trap: reason=unstable_if action=reinterpret pc=0x00000277e38a8aa4 method=org.gradle.internal.time.MonotonicClock.advance(J)J @ 11 c2
Event: 1509.008 Thread 0x00000277f36df130 DEOPT PACKING pc=0x00000277e38a8aa4 sp=0x000000eb104ff1e0
Event: 1509.010 Thread 0x00000277f36df130 DEOPT UNPACKING pc=0x00000277e32523a3 sp=0x000000eb104ff0d8 mode 2

Classes unloaded (0 events):
No events

Classes redefined (0 events):
No events

Internal exceptions (20 events):
Event: 1.041 Thread 0x00000277d2afe6b0 Exception <a 'java/lang/NoSuchMethodError'{0x00000000ff0186c0}: 'java.lang.Object java.lang.invoke.Invokers$Holder.invoker(java.lang.Object, java.lang.Object, java.lang.Object)'> (0x00000000ff0186c0) 
thrown [s\open\src\hotspot\share\interpreter\linkResolver.cpp, line 759]
Event: 1.041 Thread 0x00000277d2afe6b0 Exception <a 'java/lang/NoSuchMethodError'{0x00000000ff021818}: 'java.lang.Object java.lang.invoke.DirectMethodHandle$Holder.invokeStatic(java.lang.Object, java.lang.Object, int)'> (0x00000000ff021818) 
thrown [s\open\src\hotspot\share\interpreter\linkResolver.cpp, line 759]
Event: 1.044 Thread 0x00000277d2afe6b0 Exception <a 'java/lang/NoSuchMethodError'{0x00000000ff02d508}: 'void java.lang.invoke.DelegatingMethodHandle$Holder.delegate(java.lang.Object, java.lang.Object, int, java.lang.Object)'> (0x00000000ff02d508) 
thrown [s\open\src\hotspot\share\interpreter\linkResolver.cpp, line 759]
Event: 1.048 Thread 0x00000277d2afe6b0 Exception <a 'java/lang/NoSuchMethodError'{0x00000000ff040b50}: 'java.lang.Object java.lang.invoke.Invokers$Holder.invokeExact_MT(java.lang.Object, java.lang.Object, java.lang.Object, java.lang.Object)'> (0x00000000ff040b50) 
thrown [s\open\src\hotspot\share\interpreter\linkResolver.cpp, line 759]
Event: 1.055 Thread 0x00000277d2afe6b0 Exception <a 'java/lang/NoSuchMethodError'{0x00000000ff06d248}: 'java.lang.Object java.lang.invoke.DirectMethodHandle$Holder.invokeVirtual(java.lang.Object, java.lang.Object, java.lang.Object)'> (0x00000000ff06d248) 
thrown [s\open\src\hotspot\share\interpreter\linkResolver.cpp, line 759]
Event: 1.202 Thread 0x00000277d2afe6b0 Exception <a 'java/lang/NoSuchMethodError'{0x00000000fec69ba0}: 'java.lang.Object java.lang.invoke.DirectMethodHandle$Holder.newInvokeSpecial(java.lang.Object, java.lang.Object, java.lang.Object, java.lang.Object, java.lang.Object)'> (0x00000000fec69ba0) 
thrown [s\open\src\hotspot\share\interpreter\linkResolver.cpp, line 759]
Event: 1.246 Thread 0x00000277d2afe6b0 Exception <a 'java/lang/NoSuchMethodError'{0x00000000feb7cd38}: 'void java.lang.invoke.DirectMethodHandle$Holder.invokeSpecial(java.lang.Object, java.lang.Object, java.lang.Object)'> (0x00000000feb7cd38) 
thrown [s\open\src\hotspot\share\interpreter\linkResolver.cpp, line 759]
Event: 1.287 Thread 0x00000277d2afe6b0 Exception <a 'java/lang/NoSuchMethodError'{0x00000000feaa87c8}: 'int java.lang.invoke.DirectMethodHandle$Holder.invokeVirtual(java.lang.Object, java.lang.Object, java.lang.Object)'> (0x00000000feaa87c8) 
thrown [s\open\src\hotspot\share\interpreter\linkResolver.cpp, line 759]
Event: 1.410 Thread 0x00000277d2afe6b0 Exception <a 'java/lang/NoSuchMethodError'{0x00000000fe477fd8}: 'java.lang.Object java.lang.invoke.DirectMethodHandle$Holder.invokeSpecialIFC(java.lang.Object, java.lang.Object, java.lang.Object, java.lang.Object)'> (0x00000000fe477fd8) 
thrown [s\open\src\hotspot\share\interpreter\linkResolver.cpp, line 759]
Event: 1.498 Thread 0x00000277d2afe6b0 Exception <a 'java/lang/NoSuchMethodError'{0x00000000fe1421b0}: 'java.lang.Object java.lang.invoke.DirectMethodHandle$Holder.invokeStaticInit(java.lang.Object, int, int, int, int)'> (0x00000000fe1421b0) 
thrown [s\open\src\hotspot\share\interpreter\linkResolver.cpp, line 759]
Event: 1.587 Thread 0x00000277d2afe6b0 Exception <a 'java/lang/NoSuchMethodError'{0x00000000fe191800}: 'java.lang.Object java.lang.invoke.DirectMethodHandle$Holder.invokeStaticInit(java.lang.Object, java.lang.Object, int, int, int, int)'> (0x00000000fe191800) 
thrown [s\open\src\hotspot\share\interpreter\linkResolver.cpp, line 759]
Event: 1.780 Thread 0x00000277d2afe6b0 Exception <a 'java/lang/NoSuchMethodError'{0x00000000fe1c4b38}: 'void java.lang.invoke.DirectMethodHandle$Holder.invokeStatic(java.lang.Object, java.lang.Object, java.lang.Object)'> (0x00000000fe1c4b38) 
thrown [s\open\src\hotspot\share\interpreter\linkResolver.cpp, line 759]
Event: 1.828 Thread 0x00000277d2afe6b0 Implicit null exception at 0x00000277e37e27f2 to 0x00000277e37e2dc8
Event: 1.833 Thread 0x00000277d2afe6b0 Implicit null exception at 0x00000277e37eb6f2 to 0x00000277e37ebcd8
Event: 1.845 Thread 0x00000277d2afe6b0 Exception <a 'java/net/ConnectException'{0x00000000ffe12128}: Connection refused: no further information> (0x00000000ffe12128) 
thrown [s\open\src\hotspot\share\prims\jni.cpp, line 535]
Event: 2.118 Thread 0x00000277f3d12940 Exception <a 'java/lang/NoSuchMethodError'{0x00000000ff60e3c0}: 'void java.lang.invoke.DirectMethodHandle$Holder.invokeStatic(java.lang.Object, long)'> (0x00000000ff60e3c0) 
thrown [s\open\src\hotspot\share\interpreter\linkResolver.cpp, line 759]
Event: 2.119 Thread 0x00000277f3d12940 Exception <a 'java/lang/NoSuchMethodError'{0x00000000ff613d18}: 'java.lang.Object java.lang.invoke.DirectMethodHandle$Holder.newInvokeSpecial(java.lang.Object, long)'> (0x00000000ff613d18) 
thrown [s\open\src\hotspot\share\interpreter\linkResolver.cpp, line 759]
Event: 2.121 Thread 0x00000277f3d12940 Exception <a 'java/lang/NoSuchMethodError'{0x00000000ff61e8d0}: 'java.lang.Object java.lang.invoke.DirectMethodHandle$Holder.invokeStaticInit(java.lang.Object, java.lang.Object, long, java.lang.Object)'> (0x00000000ff61e8d0) 
thrown [s\open\src\hotspot\share\interpreter\linkResolver.cpp, line 759]
Event: 2.122 Thread 0x00000277f3d12940 Exception <a 'java/lang/NoSuchMethodError'{0x00000000ff624f68}: 'java.lang.Object java.lang.invoke.DirectMethodHandle$Holder.newInvokeSpecial(java.lang.Object, java.lang.Object, long)'> (0x00000000ff624f68) 
thrown [s\open\src\hotspot\share\interpreter\linkResolver.cpp, line 759]
Event: 2.122 Thread 0x00000277f3d12940 Exception <a 'java/lang/NoSuchMethodError'{0x00000000ff629258}: 'java.lang.Object java.lang.invoke.Invokers$Holder.linkToTargetMethod(java.lang.Object, long, java.lang.Object)'> (0x00000000ff629258) 
thrown [s\open\src\hotspot\share\interpreter\linkResolver.cpp, line 759]

VM Operations (20 events):
Event: 661.502 Executing VM operation: HandshakeAllThreads
Event: 661.502 Executing VM operation: HandshakeAllThreads done
Event: 675.608 Executing VM operation: Cleanup
Event: 675.608 Executing VM operation: Cleanup done
Event: 676.622 Executing VM operation: Cleanup
Event: 676.622 Executing VM operation: Cleanup done
Event: 721.618 Executing VM operation: HandshakeAllThreads
Event: 721.618 Executing VM operation: HandshakeAllThreads done
Event: 770.740 Executing VM operation: G1CollectForAllocation
Event: 770.775 Executing VM operation: G1CollectForAllocation done
Event: 781.808 Executing VM operation: HandshakeAllThreads
Event: 781.808 Executing VM operation: HandshakeAllThreads done
Event: 806.008 Executing VM operation: Cleanup
Event: 806.008 Executing VM operation: Cleanup done
Event: 841.886 Executing VM operation: HandshakeAllThreads
Event: 841.886 Executing VM operation: HandshakeAllThreads done
Event: 901.979 Executing VM operation: HandshakeAllThreads
Event: 901.979 Executing VM operation: HandshakeAllThreads done
Event: 961.993 Executing VM operation: HandshakeAllThreads
Event: 961.993 Executing VM operation: HandshakeAllThreads done

Events (20 events):
Event: 8.758 loading class jdk/internal/logger/LoggerFinderLoader$TemporaryLoggerFinder
Event: 8.759 loading class jdk/internal/logger/LoggerFinderLoader$TemporaryLoggerFinder done
Event: 8.759 loading class sun/util/logging/internal/LoggingProviderImpl$JULWrapper
Event: 8.760 loading class sun/util/logging/PlatformLogger$ConfigurableBridge$LoggerConfiguration
Event: 8.760 loading class sun/util/logging/PlatformLogger$ConfigurableBridge$LoggerConfiguration done
Event: 8.760 loading class sun/util/logging/internal/LoggingProviderImpl$JULWrapper done
Event: 8.760 loading class java/io/ObjectInputFilter
Event: 8.761 loading class java/io/ObjectInputFilter done
Event: 8.762 loading class java/io/ObjectInputFilter$Config$BuiltinFilterFactory
Event: 8.762 loading class java/io/ObjectInputFilter$Config$BuiltinFilterFactory done
Event: 8.762 loading class jdk/internal/access/JavaObjectInputFilterAccess
Event: 8.762 loading class jdk/internal/access/JavaObjectInputFilterAccess done
Event: 8.763 loading class java/lang/System$Logger$Level
Event: 8.764 loading class java/lang/System$Logger$Level done
Event: 8.764 loading class java/io/Bits
Event: 8.764 loading class java/io/Bits done
Event: 13.050 loading class java/util/ArrayList$ListItr
Event: 13.051 loading class java/util/ArrayList$ListItr done
Event: 919.653 loading class jdk/internal/access/foreign/MemorySegmentProxy
Event: 919.657 loading class jdk/internal/access/foreign/MemorySegmentProxy done


Dynamic libraries:
0x00007ff689010000 - 0x00007ff689020000 	C:\Program Files\Java\jdk-17\bin\java.exe
0x00007ffb34920000 - 0x00007ffb34b87000 	C:\WINDOWS\SYSTEM32\ntdll.dll
0x00007ffb33670000 - 0x00007ffb33739000 	C:\WINDOWS\System32\KERNEL32.DLL
0x00007ffb32020000 - 0x00007ffb3240f000 	C:\WINDOWS\System32\KERNELBASE.dll
0x00007ffb31cb0000 - 0x00007ffb31dfb000 	C:\WINDOWS\System32\ucrtbase.dll
0x00007ffb167c0000 - 0x00007ffb167d9000 	C:\Program Files\Java\jdk-17\bin\jli.dll
0x00007ffb1bcb0000 - 0x00007ffb1bccb000 	C:\Program Files\Java\jdk-17\bin\VCRUNTIME140.dll
0x00007ffb33330000 - 0x00007ffb333e4000 	C:\WINDOWS\System32\ADVAPI32.dll
0x00007ffb33c70000 - 0x00007ffb33d19000 	C:\WINDOWS\System32\msvcrt.dll
0x00007ffb338e0000 - 0x00007ffb33986000 	C:\WINDOWS\System32\sechost.dll
0x00007ffb33210000 - 0x00007ffb33328000 	C:\WINDOWS\System32\RPCRT4.dll
0x00007ffb32b00000 - 0x00007ffb32cc5000 	C:\WINDOWS\System32\USER32.dll
0x00007ffb32420000 - 0x00007ffb32447000 	C:\WINDOWS\System32\win32u.dll
0x00007ffb08670000 - 0x00007ffb08903000 	C:\WINDOWS\WinSxS\amd64_microsoft.windows.common-controls_6595b64144ccf1df_6.0.26100.7309_none_3e05feeae336a044\COMCTL32.dll
0x00007ffb34740000 - 0x00007ffb3476b000 	C:\WINDOWS\System32\GDI32.dll
0x00007ffb32500000 - 0x00007ffb3262c000 	C:\WINDOWS\System32\gdi32full.dll
0x00007ffb31e00000 - 0x00007ffb31ea3000 	C:\WINDOWS\System32\msvcp_win.dll
0x00007ffb1a480000 - 0x00007ffb1a48b000 	C:\WINDOWS\SYSTEM32\VERSION.dll
0x00007ffb348a0000 - 0x00007ffb348d1000 	C:\WINDOWS\System32\IMM32.DLL
0x00007ffb1bf90000 - 0x00007ffb1bf9c000 	C:\Program Files\Java\jdk-17\bin\vcruntime140_1.dll
0x00007ffaf6630000 - 0x00007ffaf66be000 	C:\Program Files\Java\jdk-17\bin\msvcp140.dll
0x00007ffabba10000 - 0x00007ffabc5f0000 	C:\Program Files\Java\jdk-17\bin\server\jvm.dll
0x00007ffb326c0000 - 0x00007ffb326c8000 	C:\WINDOWS\System32\PSAPI.DLL
0x00007ffb2c2d0000 - 0x00007ffb2c305000 	C:\WINDOWS\SYSTEM32\WINMM.dll
0x00007ffaf8820000 - 0x00007ffaf882a000 	C:\WINDOWS\SYSTEM32\WSOCK32.dll
0x00007ffb33990000 - 0x00007ffb33a04000 	C:\WINDOWS\System32\WS2_32.dll
0x00007ffb30820000 - 0x00007ffb3083b000 	C:\WINDOWS\SYSTEM32\kernel.appcore.dll
0x00007ffb1aa50000 - 0x00007ffb1aa5a000 	C:\Program Files\Java\jdk-17\bin\jimage.dll
0x00007ffb2f070000 - 0x00007ffb2f2b2000 	C:\WINDOWS\SYSTEM32\DBGHELP.DLL
0x00007ffb32770000 - 0x00007ffb32af5000 	C:\WINDOWS\System32\combase.dll
0x00007ffb344f0000 - 0x00007ffb345c6000 	C:\WINDOWS\System32\OLEAUT32.dll
0x00007ffb05920000 - 0x00007ffb0595c000 	C:\WINDOWS\SYSTEM32\dbgcore.DLL
0x00007ffb32450000 - 0x00007ffb324f5000 	C:\WINDOWS\System32\bcryptPrimitives.dll
0x00007ffb120b0000 - 0x00007ffb120d5000 	C:\Program Files\Java\jdk-17\bin\java.dll
0x00007ffac9e50000 - 0x00007ffac9f27000 	C:\Program Files\Java\jdk-17\bin\jsvml.dll
0x00007ffb33d20000 - 0x00007ffb34473000 	C:\WINDOWS\System32\SHELL32.dll
0x00007ffb31eb0000 - 0x00007ffb3201a000 	C:\WINDOWS\System32\wintypes.dll
0x00007ffb2f650000 - 0x00007ffb2feae000 	C:\WINDOWS\SYSTEM32\windows.storage.dll
0x00007ffb34770000 - 0x00007ffb34865000 	C:\WINDOWS\System32\SHCORE.dll
0x00007ffb34480000 - 0x00007ffb344e6000 	C:\WINDOWS\System32\shlwapi.dll
0x00007ffb31990000 - 0x00007ffb319b9000 	C:\WINDOWS\SYSTEM32\profapi.dll
0x00007ffb12260000 - 0x00007ffb12279000 	C:\Program Files\Java\jdk-17\bin\net.dll
0x00007ffb2aa80000 - 0x00007ffb2aba8000 	C:\WINDOWS\SYSTEM32\WINHTTP.dll
0x00007ffb30d90000 - 0x00007ffb30dfb000 	C:\WINDOWS\system32\mswsock.dll
0x00007ffaff0b0000 - 0x00007ffaff0c6000 	C:\Program Files\Java\jdk-17\bin\nio.dll
0x00007ffaf7c20000 - 0x00007ffaf7c38000 	C:\Program Files\Java\jdk-17\bin\zip.dll
0x00007ffb167b0000 - 0x00007ffb167c0000 	C:\Program Files\Java\jdk-17\bin\verify.dll
0x00007ffb12440000 - 0x00007ffb1244a000 	C:\Program Files\Java\jdk-17\bin\management.dll
0x00007ffb120a0000 - 0x00007ffb120ab000 	C:\Program Files\Java\jdk-17\bin\management_ext.dll
0x00007ffaf6600000 - 0x00007ffaf6627000 	C:\Users\admin\.gradle\native\c067742578af261105cb4f569cf0c3c89f3d7b1fecec35dd04571415982c5e48\windows-amd64\native-platform.dll
0x00007ffb110d0000 - 0x00007ffb110da000 	C:\Users\admin\.gradle\native\jansi\1.18\windows64\jansi.dll
0x00007ffb31050000 - 0x00007ffb3106b000 	C:\WINDOWS\SYSTEM32\CRYPTSP.dll
0x00007ffb30780000 - 0x00007ffb307ba000 	C:\WINDOWS\system32\rsaenh.dll
0x00007ffb30e40000 - 0x00007ffb30e6b000 	C:\WINDOWS\SYSTEM32\USERENV.dll
0x00007ffb31960000 - 0x00007ffb3198a000 	C:\WINDOWS\SYSTEM32\bcrypt.dll
0x00007ffb31070000 - 0x00007ffb3107c000 	C:\WINDOWS\SYSTEM32\CRYPTBASE.dll
0x00007ffb30260000 - 0x00007ffb30294000 	C:\WINDOWS\SYSTEM32\IPHLPAPI.DLL
0x00007ffb34870000 - 0x00007ffb3487a000 	C:\WINDOWS\System32\NSI.dll
0x00007ffb2bd80000 - 0x00007ffb2bd9e000 	C:\WINDOWS\SYSTEM32\dhcpcsvc6.DLL
0x00007ffb2bd40000 - 0x00007ffb2bd63000 	C:\WINDOWS\SYSTEM32\dhcpcsvc.DLL
0x00007ffb30300000 - 0x00007ffb3042c000 	C:\WINDOWS\SYSTEM32\DNSAPI.dll
0x00007ffb1d910000 - 0x00007ffb1d91e000 	C:\Program Files\Java\jdk-17\bin\sunmscapi.dll
0x00007ffb31a70000 - 0x00007ffb31be7000 	C:\WINDOWS\System32\CRYPT32.dll
0x00007ffb31270000 - 0x00007ffb312a0000 	C:\WINDOWS\SYSTEM32\ncrypt.dll
0x00007ffb31220000 - 0x00007ffb3125f000 	C:\WINDOWS\SYSTEM32\NTASN1.dll
0x00007ffaeee40000 - 0x00007ffaeee48000 	C:\WINDOWS\system32\wshunix.dll

dbghelp: loaded successfully - version: 4.0.5 - missing functions: none
symbol engine: initialized successfully - sym options: 0x614 - pdb path: .;C:\Program Files\Java\jdk-17\bin;C:\WINDOWS\SYSTEM32;C:\WINDOWS\WinSxS\amd64_microsoft.windows.common-controls_6595b64144ccf1df_6.0.26100.7309_none_3e05feeae336a044;C:\Program Files\Java\jdk-17\bin\server;C:\Users\admin\.gradle\native\c067742578af261105cb4f569cf0c3c89f3d7b1fecec35dd04571415982c5e48\windows-amd64;C:\Users\admin\.gradle\native\jansi\1.18\windows64

VM Arguments:
jvm_args: -Xmx64m -Xms64m -Dorg.gradle.appname=gradlew 
java_command: org.gradle.wrapper.GradleWrapperMain :composeApp:run
java_class_path (initial): C:\Users\admin\Smart-Traffic-Management-System\\gradle\wrapper\gradle-wrapper.jar
Launcher Type: SUN_STANDARD

[Global flags]
     intx CICompilerCount                          = 4                                         {product} {ergonomic}
     uint ConcGCThreads                            = 3                                         {product} {ergonomic}
     uint G1ConcRefinementThreads                  = 10                                        {product} {ergonomic}
   size_t G1HeapRegionSize                         = 1048576                                   {product} {ergonomic}
    uintx GCDrainStackTargetSize                   = 64                                        {product} {ergonomic}
   size_t InitialHeapSize                          = 67108864                                  {product} {command line}
   size_t MarkStackSize                            = 4194304                                   {product} {ergonomic}
   size_t MaxHeapSize                              = 67108864                                  {product} {command line}
   size_t MaxNewSize                               = 39845888                                  {product} {ergonomic}
   size_t MinHeapDeltaBytes                        = 1048576                                   {product} {ergonomic}
   size_t MinHeapSize                              = 67108864                                  {product} {command line}
    uintx NonNMethodCodeHeapSize                   = 5839372                                {pd product} {ergonomic}
    uintx NonProfiledCodeHeapSize                  = 122909434                              {pd product} {ergonomic}
    uintx ProfiledCodeHeapSize                     = 122909434                              {pd product} {ergonomic}
    uintx ReservedCodeCacheSize                    = 251658240                              {pd product} {ergonomic}
     bool SegmentedCodeCache                       = true                                      {product} {ergonomic}
   size_t SoftMaxHeapSize                          = 67108864                               {manageable} {ergonomic}
     bool UseCompressedClassPointers               = true                           {product lp64_product} {ergonomic}
     bool UseCompressedOops                        = true                           {product lp64_product} {ergonomic}
     bool UseG1GC                                  = true                                      {product} {ergonomic}
     bool UseLargePagesIndividualAllocation        = false                                  {pd product} {ergonomic}

Logging:
Log output configuration:
 #0: stdout all=warning uptime,level,tags
 #1: stderr all=off uptime,level,tags

Environment Variables:
JAVA_HOME=C:\Program Files\Java\jdk-17
CLASSPATH=C:\Users\admin\Smart-Traffic-Management-System\\gradle\wrapper\gradle-wrapper.jar
PATH=C:\Program Files\Common Files\Oracle\Java\javapath;C:\Program Files (x86)\Common Files\Oracle\Java\java8path;C:\Program Files (x86)\Common Files\Oracle\Java\javapath;C:\Windows\system32;C:\Windows;C:\Windows\System32\Wbem;C:\Windows\System32\WindowsPowerShell\v1.0\;C:\Windows\System32\OpenSSH\;C:\Program Files (x86)\NVIDIA Corporation\PhysX\Common;C:\Program Files\Git\cmd;C:\Program Files\PuTTY\;C:\Dev-Cpp\TDM-GCC-64\bin;C:\GnuWin32\bin;C:\WINDOWS\system32;C:\WINDOWS;C:\WINDOWS\System32\Wbem;C:\WINDOWS\System32\WindowsPowerShell\v1.0\;C:\WINDOWS\System32\OpenSSH\;C:\Program Files\nodejs\;C:\Program Files\Docker\Docker\resources\bin;C:\Program Files\Java\jdk-11\bin;C:\Program Files\Common Files\Oracle\Java\javapath;C:\Program Files (x86)\Common Files\Oracle\Java\java8path;C:\Program Files (x86)\Common Files\Oracle\Java\javapath;C:\Windows\system32;C:\Windows;C:\Windows\System32\Wbem;C:\Windows\System32\WindowsPowerShell\v1.0\;C:\Windows\System32\OpenSSH\;C:\Program Files (x86)\NVIDIA Corporation\PhysX\Common;C:\Program Files\Git\cmd;C:\Program Files\PuTTY\;C:\Dev-Cpp\TDM-GCC-64\bin;C:\GnuWin32\bin;C:\WINDOWS\system32;C:\WINDOWS;C:\WINDOWS\System32\Wbem;C:\WINDOWS\System32\WindowsPowerShell\v1.0\;C:\WINDOWS\System32\OpenSSH\;C:\Program Files\nodejs\;C:\Program Files\Docker\Docker\resources\bin;C:\Users\admin\AppData\Local\Microsoft\WindowsApps;C:\Users\admin\AppData\Local\Programs\Microsoft VS Code\bin;C:\altera\13.0sp1\modelsim_ase\win32aloem;C:\Users\admin\AppData\Roaming\npm;
USERNAME=admin
OS=Windows_NT
PROCESSOR_IDENTIFIER=Intel64 Family 6 Model 154 Stepping 4, GenuineIntel



---------------  S Y S T E M  ---------------

OS:
 Windows 11 , 64 bit Build 26100 (10.0.26100.7309)
OS uptime: 3 days 17:22 hours
Hyper-V role detected

CPU: total 12 (initial active 12) (6 cores per cpu, 2 threads per core) family 6 model 154 stepping 4 microcode 0x429, cx8, cmov, fxsr, ht, mmx, 3dnowpref, sse, sse2, sse3, ssse3, sse4.1, sse4.2, popcnt, lzcnt, tsc, tscinvbit, avx, avx2, aes, erms, clmul, bmi1, bmi2, adx, sha, fma, vzeroupper, clflush, clflushopt, clwb, hv

Memory: 4k page, system-wide physical 16059M (598M free)
TotalPageFile size 60961M (AvailPageFile size 0M)
current process WorkingSet (physical memory assigned to process): 52M, peak: 127M
current process commit charge ("private bytes"): 174M, peak: 192M

vm_info: Java HotSpot(TM) 64-Bit Server VM (17.0.12+8-LTS-286) for windows-amd64 JRE (17.0.12+8-LTS-286), built on Jun  5 2024 06:46:59 by "mach5one" with MS VC++ 17.6 (VS2022)

END.
